Created by PLY version 3.11 (http://www.dabeaz.com/ply)

Grammar

Rule 0     S' -> entrada
Rule 1     entrada -> PALABRA PALABRA PALABRA FECHA SEXO ESTADO

Terminals, with rules where they appear

ESTADO               : 1
FECHA                : 1
PALABRA              : 1 1 1
SEXO                 : 1
error                : 

Nonterminals, with rules where they appear

entrada              : 0

Parsing method: LALR

state 0

    (0) S' -> . entrada
    (1) entrada -> . PALABRA PALABRA PALABRA FECHA SEXO ESTADO

    PALABRA         shift and go to state 2

    entrada                        shift and go to state 1

state 1

    (0) S' -> entrada .



state 2

    (1) entrada -> PALABRA . PALABRA PALABRA FECHA SEXO ESTADO

    PALABRA         shift and go to state 3


state 3

    (1) entrada -> PALABRA PALABRA . PALABRA FECHA SEXO ESTADO

    PALABRA         shift and go to state 4


state 4

    (1) entrada -> PALABRA PALABRA PALABRA . FECHA SEXO ESTADO

    FECHA           shift and go to state 5


state 5

    (1) entrada -> PALABRA PALABRA PALABRA FECHA . SEXO ESTADO

    SEXO            shift and go to state 6


state 6

    (1) entrada -> PALABRA PALABRA PALABRA FECHA SEXO . ESTADO

    ESTADO          shift and go to state 7


state 7

    (1) entrada -> PALABRA PALABRA PALABRA FECHA SEXO ESTADO .

    $end            reduce using rule 1 (entrada -> PALABRA PALABRA PALABRA FECHA SEXO ESTADO .)

